  DelurEnhance.cpp
e:\desktop\program\cv&ml\delurenhance\delurenhance\opencv2\core\mat.hpp(2585): warning C4819: The file contains a character that cannot be represented in the current code page (950). Save the file in Unicode format to prevent data loss
e:\desktop\program\cv&ml\delurenhance\delurenhance\opencv2\core\persistence.hpp : warning C4819: The file contains a character that cannot be represented in the current code page (950). Save the file in Unicode format to prevent data loss
e:\desktop\program\cv&ml\delurenhance\delurenhance\opencv2\core\utility.hpp : warning C4819: The file contains a character that cannot be represented in the current code page (950). Save the file in Unicode format to prevent data loss
e:\desktop\program\cv&ml\delurenhance\delurenhance\opencv2\core\utility.hpp : warning C4819: The file contains a character that cannot be represented in the current code page (950). Save the file in Unicode format to prevent data loss
e:\desktop\program\cv&ml\delurenhance\delurenhance\opencv2\flann\dist.h : warning C4819: The file contains a character that cannot be represented in the current code page (950). Save the file in Unicode format to prevent data loss
e:\desktop\program\cv&ml\delurenhance\delurenhance\opencv2\imgproc.hpp : warning C4819: The file contains a character that cannot be represented in the current code page (950). Save the file in Unicode format to prevent data loss
e:\desktop\program\cv&ml\delurenhance\delurenhance\opencv2\imgproc.hpp(591): warning C4819: The file contains a character that cannot be represented in the current code page (950). Save the file in Unicode format to prevent data loss
e:\desktop\program\cv&ml\delurenhance\delurenhance\opencv2\stitching\detail\motion_estimators.hpp : warning C4819: The file contains a character that cannot be represented in the current code page (950). Save the file in Unicode format to prevent data loss
e:\desktop\program\cv&ml\delurenhance\delurenhance\opencv2\video\tracking.hpp(531): warning C4819: The file contains a character that cannot be represented in the current code page (950). Save the file in Unicode format to prevent data loss
e:\desktop\program\cv&ml\delurenhance\delurenhance\api.h(103): warning C4244: '=': conversion from 'double' to '_Tp', possible loss of data
          with
          [
              _Tp=float
          ]
e:\desktop\program\cv&ml\delurenhance\delurenhance\api.h(111): warning C4244: 'argument': conversion from 'float' to 'int', possible loss of data
e:\desktop\program\cv&ml\delurenhance\delurenhance\api.h(170): warning C4244: '=': conversion from 'double' to '_Tp', possible loss of data
          with
          [
              _Tp=float
          ]
e:\desktop\program\cv&ml\delurenhance\delurenhance\api.h(211): warning C4244: '=': conversion from 'double' to '_Tp', possible loss of data
          with
          [
              _Tp=uchar
          ]
e:\desktop\program\cv&ml\delurenhance\delurenhance\api.h(221): warning C4244: 'argument': conversion from 'float' to 'int', possible loss of data
e:\desktop\program\cv&ml\delurenhance\delurenhance\api.h(255): warning C4244: 'argument': conversion from 'int' to 'float', possible loss of data
e:\desktop\program\cv&ml\delurenhance\delurenhance\api.h(270): warning C4244: 'argument': conversion from 'int' to 'float', possible loss of data
e:\desktop\program\cv&ml\delurenhance\delurenhance\api.h(424): warning C4267: 'initializing': conversion from 'size_t' to 'int', possible loss of data
e:\desktop\program\cv&ml\delurenhance\delurenhance\api.h(448): warning C4244: 'argument': conversion from '_Tp' to 'int', possible loss of data
          with
          [
              _Tp=float
          ]
e:\desktop\program\cv&ml\delurenhance\delurenhance\api.h(453): warning C4244: 'argument': conversion from '_Tp' to 'int', possible loss of data
          with
          [
              _Tp=float
          ]
e:\desktop\program\cv&ml\delurenhance\delurenhance\api.h(458): warning C4244: '=': conversion from '_Tp' to '_Tp', possible loss of data
          with
          [
              _Tp=float
          ]
          and
          [
              _Tp=uchar
          ]
e:\desktop\program\cv&ml\delurenhance\delurenhance\api.h(477): warning C4244: '+=': conversion from '_Tp' to 'int', possible loss of data
          with
          [
              _Tp=float
          ]
e:\desktop\program\cv&ml\delurenhance\delurenhance\api.h(495): warning C4244: '+=': conversion from '_Tp' to 'int', possible loss of data
          with
          [
              _Tp=float
          ]
e:\desktop\program\cv&ml\delurenhance\delurenhance\api.h(548): warning C4244: 'argument': conversion from 'unsigned __int64' to 'double', possible loss of data
e:\desktop\program\cv&ml\delurenhance\delurenhance\api.h(595): warning C4244: 'return': conversion from 'double' to 'float', possible loss of data
e:\desktop\program\cv&ml\delurenhance\delurenhance\api.h(652): warning C4244: '=': conversion from '_Tp' to 'int', possible loss of data
          with
          [
              _Tp=float
          ]
e:\desktop\program\cv&ml\delurenhance\delurenhance\api.h(673): warning C4267: 'initializing': conversion from 'size_t' to 'int', possible loss of data
e:\desktop\program\cv&ml\delurenhance\delurenhance\api.h(708): warning C4305: 'initializing': truncation from 'double' to 'float'
e:\desktop\program\cv&ml\delurenhance\delurenhance\api.h(722): warning C4244: 'argument': conversion from 'float' to 'int', possible loss of data
e:\desktop\program\cv&ml\delurenhance\delurenhance\api.h(723): warning C4244: 'argument': conversion from 'float' to 'int', possible loss of data
e:\desktop\program\cv&ml\delurenhance\delurenhance\api.h(724): warning C4244: 'argument': conversion from 'float' to 'int', possible loss of data
e:\desktop\program\cv&ml\delurenhance\delurenhance\api.h(733): warning C4244: 'argument': conversion from 'float' to 'int', possible loss of data
e:\desktop\program\cv&ml\delurenhance\delurenhance\api.h(735): warning C4244: 'argument': conversion from 'float' to 'int', possible loss of data
e:\desktop\program\cv&ml\delurenhance\delurenhance\api.h(736): warning C4244: 'argument': conversion from 'float' to 'int', possible loss of data
e:\desktop\program\cv&ml\delurenhance\delurenhance\api.h(750): warning C4305: 'initializing': truncation from 'double' to 'float'
e:\desktop\program\cv&ml\delurenhance\delurenhance\api.h(761): warning C4244: 'argument': conversion from 'float' to 'int', possible loss of data
e:\desktop\program\cv&ml\delurenhance\delurenhance\api.h(762): warning C4244: 'argument': conversion from 'float' to 'int', possible loss of data
e:\desktop\program\cv&ml\delurenhance\delurenhance\api.h(763): warning C4244: 'argument': conversion from 'float' to 'int', possible loss of data
e:\desktop\program\cv&ml\delurenhance\delurenhance\api.h(772): warning C4244: 'argument': conversion from 'float' to 'int', possible loss of data
e:\desktop\program\cv&ml\delurenhance\delurenhance\api.h(773): warning C4244: 'argument': conversion from 'float' to 'int', possible loss of data
e:\desktop\program\cv&ml\delurenhance\delurenhance\api.h(777): warning C4244: 'argument': conversion from 'float' to 'int', possible loss of data
e:\desktop\program\cv&ml\delurenhance\delurenhance\api.h(783): warning C4244: 'argument': conversion from 'float' to 'int', possible loss of data
e:\desktop\program\cv&ml\delurenhance\delurenhance\api.h(784): warning C4244: 'argument': conversion from 'float' to 'int', possible loss of data
e:\desktop\program\cv&ml\delurenhance\delurenhance\pso.h(33): warning C4244: '=': conversion from 'int' to 'float', possible loss of data
e:\desktop\program\cv&ml\delurenhance\delurenhance\pso.h(35): warning C4244: '=': conversion from 'int' to 'float', possible loss of data
e:\desktop\program\cv&ml\delurenhance\delurenhance\pso.h(45): warning C4244: '=': conversion from 'int' to 'float', possible loss of data
e:\desktop\program\cv&ml\delurenhance\delurenhance\pso.h(98): warning C4244: '=': conversion from 'int' to 'float', possible loss of data
e:\desktop\program\cv&ml\delurenhance\delurenhance\pso.h(100): warning C4244: '=': conversion from 'int' to 'float', possible loss of data
e:\desktop\program\cv&ml\delurenhance\delurenhance\pso_enhancement.h(60): warning C4138: '*/' found outside of comment
e:\desktop\program\cv&ml\delurenhance\delurenhance\pso_enhancement.h(62): warning C4244: '=': conversion from 'double' to '_Tp', possible loss of data
          with
          [
              _Tp=float
          ]
e:\desktop\program\cv&ml\delurenhance\delurenhance\pso_enhancement.h(77): warning C4244: 'argument': conversion from 'double' to '_Ty', possible loss of data
          with
          [
              _Ty=int
          ]
e:\desktop\program\cv&ml\delurenhance\delurenhance\pso_enhancement.h(82): warning C4305: 'argument': truncation from 'double' to '_Ty'
          with
          [
              _Ty=float
          ]
e:\desktop\program\cv&ml\delurenhance\delurenhance\pso_enhancement.h(144): warning C4244: '=': conversion from 'double' to '_Ty', possible loss of data
          with
          [
              _Ty=float
          ]
e:\desktop\program\cv&ml\delurenhance\delurenhance\delurenhance.cpp(36): warning C4244: 'argument': conversion from 'time_t' to 'unsigned int', possible loss of data
e:\desktop\program\cv&ml\delurenhance\delurenhance\delurenhance.cpp(76): warning C4244: '=': conversion from 'LRESULT' to 'UINT', possible loss of data
e:\desktop\program\cv&ml\delurenhance\delurenhance\delurenhance.cpp(83): warning C4838: conversion from 'int' to 'char' requires a narrowing conversion
e:\desktop\program\cv&ml\delurenhance\delurenhance\delurenhance.cpp(83): warning C4305: 'initializing': truncation from 'int' to 'char'
e:\desktop\program\cv&ml\delurenhance\delurenhance\delurenhance.cpp(83): warning C4309: 'initializing': truncation of constant value
LINK : warning LNK4031: no subsystem specified; CONSOLE assumed
  DelurEnhance.vcxproj -> E:\Desktop\Program\CV&ML\DelurEnhance\x64\Debug\DelurEnhance.exe
